<?xml version="1.0" encoding="UTF-8"?>
<testsuite name="com.csye6225.demo.DemoApplicationTests" tests="1" skipped="1" failures="0" errors="0" timestamp="2017-11-27T21:46:10" hostname="harshal-VirtualBox" time="0.001">
  <properties/>
  <testcase name="contextLoads" classname="com.csye6225.demo.DemoApplicationTests" time="0.001">
    <skipped/>
  </testcase>
  <system-out><![CDATA[16:46:09.021 [Test worker] DEBUG org.springframework.test.context.junit4.SpringJUnit4ClassRunner - SpringJUnit4ClassRunner constructor called with [class com.csye6225.demo.DemoApplicationTests]
16:46:09.249 [Test worker] DEBUG org.springframework.test.context.BootstrapUtils - Instantiating CacheAwareContextLoaderDelegate from class [org.springframework.test.context.cache.DefaultCacheAwareContextLoaderDelegate]
16:46:09.395 [Test worker] DEBUG org.springframework.test.context.BootstrapUtils - Instantiating BootstrapContext using constructor [public org.springframework.test.context.support.DefaultBootstrapContext(java.lang.Class,org.springframework.test.context.CacheAwareContextLoaderDelegate)]
16:46:09.433 [Test worker] DEBUG org.springframework.test.context.BootstrapUtils - Instantiating TestContextBootstrapper for test class [com.csye6225.demo.DemoApplicationTests] from class [org.springframework.boot.test.context.SpringBootTestContextBootstrapper]
16:46:09.477 [Test worker] INFO org.springframework.boot.test.context.SpringBootTestContextBootstrapper - Neither @ContextConfiguration nor @ContextHierarchy found for test class [com.csye6225.demo.DemoApplicationTests], using SpringBootContextLoader
16:46:09.484 [Test worker] DEBUG org.springframework.test.context.support.AbstractContextLoader - Did not detect default resource location for test class [com.csye6225.demo.DemoApplicationTests]: class path resource [com/csye6225/demo/DemoApplicationTests-context.xml] does not exist
16:46:09.486 [Test worker] DEBUG org.springframework.test.context.support.AbstractContextLoader - Did not detect default resource location for test class [com.csye6225.demo.DemoApplicationTests]: class path resource [com/csye6225/demo/DemoApplicationTestsContext.groovy] does not exist
16:46:09.486 [Test worker] INFO org.springframework.test.context.support.AbstractContextLoader - Could not detect default resource locations for test class [com.csye6225.demo.DemoApplicationTests]: no resource found for suffixes {-context.xml, Context.groovy}.
16:46:09.488 [Test worker] INFO org.springframework.test.context.support.AnnotationConfigContextLoaderUtils - Could not detect default configuration classes for test class [com.csye6225.demo.DemoApplicationTests]: DemoApplicationTests does not declare any static, non-private, non-final, nested classes annotated with @Configuration.
16:46:10.186 [Test worker] DEBUG org.springframework.test.context.support.ActiveProfilesUtils - Could not find an 'annotation declaring class' for annotation type [org.springframework.test.context.ActiveProfiles] and class [com.csye6225.demo.DemoApplicationTests]
16:46:10.198 [Test worker] DEBUG org.springframework.core.env.StandardEnvironment - Adding [systemProperties] PropertySource with lowest search precedence
16:46:10.199 [Test worker] DEBUG org.springframework.core.env.StandardEnvironment - Adding [systemEnvironment] PropertySource with lowest search precedence
16:46:10.200 [Test worker] DEBUG org.springframework.core.env.StandardEnvironment - Initialized StandardEnvironment with PropertySources [systemProperties,systemEnvironment]
16:46:10.218 [Test worker] DEBUG org.springframework.core.io.support.PathMatchingResourcePatternResolver - Resolved classpath location [com/csye6225/demo/] to resources [URL [file:/home/harshal/CSYE6225/csye6225-fall2017/build/classes/test/com/csye6225/demo/], URL [file:/home/harshal/CSYE6225/csye6225-fall2017/build/classes/main/com/csye6225/demo/]]
16:46:10.221 [Test worker] DEBUG org.springframework.core.io.support.PathMatchingResourcePatternResolver - Looking for matching resources in directory tree [/home/harshal/CSYE6225/csye6225-fall2017/build/classes/test/com/csye6225/demo]
16:46:10.221 [Test worker] DEBUG org.springframework.core.io.support.PathMatchingResourcePatternResolver - Searching directory [/home/harshal/CSYE6225/csye6225-fall2017/build/classes/test/com/csye6225/demo] for files matching pattern [/home/harshal/CSYE6225/csye6225-fall2017/build/classes/test/com/csye6225/demo/*.class]
16:46:10.225 [Test worker] DEBUG org.springframework.core.io.support.PathMatchingResourcePatternResolver - Looking for matching resources in directory tree [/home/harshal/CSYE6225/csye6225-fall2017/build/classes/main/com/csye6225/demo]
16:46:10.225 [Test worker] DEBUG org.springframework.core.io.support.PathMatchingResourcePatternResolver - Searching directory [/home/harshal/CSYE6225/csye6225-fall2017/build/classes/main/com/csye6225/demo] for files matching pattern [/home/harshal/CSYE6225/csye6225-fall2017/build/classes/main/com/csye6225/demo/*.class]
16:46:10.226 [Test worker] DEBUG org.springframework.core.io.support.PathMatchingResourcePatternResolver - Resolved location pattern [classpath*:com/csye6225/demo/*.class] to resources [file [/home/harshal/CSYE6225/csye6225-fall2017/build/classes/test/com/csye6225/demo/DemoApplicationTests.class], file [/home/harshal/CSYE6225/csye6225-fall2017/build/classes/test/com/csye6225/demo/RestAssuredDemoApiTest.class], file [/home/harshal/CSYE6225/csye6225-fall2017/build/classes/main/com/csye6225/demo/DemoApplication.class], file [/home/harshal/CSYE6225/csye6225-fall2017/build/classes/main/com/csye6225/demo/ServletInitializer.class]]
16:46:10.296 [Test worker] DEBUG org.springframework.context.annotation.ClassPathScanningCandidateComponentProvider - Identified candidate component class: file [/home/harshal/CSYE6225/csye6225-fall2017/build/classes/main/com/csye6225/demo/DemoApplication.class]
16:46:10.299 [Test worker] INFO org.springframework.boot.test.context.SpringBootTestContextBootstrapper - Found @SpringBootConfiguration com.csye6225.demo.DemoApplication for test class com.csye6225.demo.DemoApplicationTests
16:46:10.307 [Test worker] DEBUG org.springframework.boot.test.context.SpringBootTestContextBootstrapper - @TestExecutionListeners is not present for class [com.csye6225.demo.DemoApplicationTests]: using defaults.
16:46:10.315 [Test worker] INFO org.springframework.boot.test.context.SpringBootTestContextBootstrapper - Loaded default TestExecutionListener class names from location [META-INF/spring.factories]: [org.springframework.security.test.context.support.WithSecurityContextTestExecutionListener, org.springframework.boot.test.mock.mockito.MockitoTestExecutionListener, org.springframework.boot.test.mock.mockito.ResetMocksTestExecutionListener, org.springframework.boot.test.autoconfigure.restdocs.RestDocsTestExecutionListener, org.springframework.boot.test.autoconfigure.web.client.MockRestServiceServerResetTestExecutionListener, org.springframework.boot.test.autoconfigure.web.servlet.MockMvcPrintOnlyOnFailureTestExecutionListener, org.springframework.boot.test.autoconfigure.web.servlet.WebDriverTestExecutionListener, org.springframework.test.context.web.ServletTestExecutionListener, org.springframework.test.context.support.DirtiesContextBeforeModesTestExecutionListener, org.springframework.test.context.support.DependencyInjectionTestExecutionListener, org.springframework.test.context.support.DirtiesContextTestExecutionListener, org.springframework.test.context.transaction.TransactionalTestExecutionListener, org.springframework.test.context.jdbc.SqlScriptsTestExecutionListener]
16:46:10.386 [Test worker] INFO org.springframework.boot.test.context.SpringBootTestContextBootstrapper - Using TestExecutionListeners: [org.springframework.test.context.web.ServletTestExecutionListener@546276fb, org.springframework.test.context.support.DirtiesContextBeforeModesTestExecutionListener@37a8e59e, org.springframework.boot.test.autoconfigure.SpringBootDependencyInjectionTestExecutionListener@2852f91e, org.springframework.test.context.support.DirtiesContextTestExecutionListener@255cfcd2, org.springframework.test.context.transaction.TransactionalTestExecutionListener@624e932c, org.springframework.test.context.jdbc.SqlScriptsTestExecutionListener@12ba0eee, org.springframework.security.test.context.support.WithSecurityContextTestExecutionListener@2d1f9fae, org.springframework.boot.test.autoconfigure.web.servlet.WebDriverTestExecutionListener@6fe74cb3, org.springframework.boot.test.autoconfigure.restdocs.RestDocsTestExecutionListener@79266590, org.springframework.boot.test.mock.mockito.MockitoTestExecutionListener@3b29d924, org.springframework.boot.test.autoconfigure.web.servlet.MockMvcPrintOnlyOnFailureTestExecutionListener@6a1ac300, org.springframework.boot.test.autoconfigure.web.client.MockRestServiceServerResetTestExecutionListener@3fcd9824, org.springframework.boot.test.mock.mockito.ResetMocksTestExecutionListener@758d70a8]
16:46:10.390 [Test worker] DEBUG org.springframework.test.annotation.ProfileValueUtils - Retrieved @ProfileValueSourceConfiguration [null] for test class [com.csye6225.demo.DemoApplicationTests]
16:46:10.391 [Test worker] DEBUG org.springframework.test.annotation.ProfileValueUtils - Retrieved ProfileValueSource type [class org.springframework.test.annotation.SystemProfileValueSource] for class [com.csye6225.demo.DemoApplicationTests]
16:46:10.393 [Test worker] DEBUG org.springframework.test.annotation.ProfileValueUtils - Retrieved @ProfileValueSourceConfiguration [null] for test class [com.csye6225.demo.DemoApplicationTests]
16:46:10.393 [Test worker] DEBUG org.springframework.test.annotation.ProfileValueUtils - Retrieved ProfileValueSource type [class org.springframework.test.annotation.SystemProfileValueSource] for class [com.csye6225.demo.DemoApplicationTests]
]]></system-out>
  <system-err><![CDATA[]]></system-err>
</testsuite>
